<?xml version="1.0" encoding="UTF-8" ?>
<testsuite errors="1" failures="0" hostname="nod-w" name="org.carbonfx.valaproject.libvalaproxy.LibvalaProxyTest" tests="1" time="10.196" timestamp="2011-06-12T19:31:37">
  <properties>
[...]
</properties>
  <testcase classname="org.carbonfx.valaproject.libvalaproxy.LibvalaProxyTest" name="testParser" time="10.04">
    <error message="The process has not exited yet therefore no result is available ..." type="java.lang.IllegalStateException">java.lang.IllegalStateException: The process has not exited yet therefore no result is available ...
	at org.apache.commons.exec.DefaultExecuteResultHandler.getExitValue(DefaultExecuteResultHandler.java:89)
	at org.carbonfx.valaproject.libvalaproxy.LibvalaParser.close(LibvalaParser.java:108)
	at org.carbonfx.valaproject.libvalaproxy.LibvalaProxyTest.testParser(LibvalaProxyTest.java:80)
</error>
  </testcase>
  <system-out><![CDATA[]]></system-out>
  <system-err><![CDATA[]]></system-err>
</testsuite>
